[2021-07-24 14:28:34] local.ERROR: SQLSTATE[HY000] [2002] No such file or directory (SQL: select * from `users` where `username` = admin and `users`.`deleted_at` is null limit 1) {"exception":"[object] (Illuminate\\Database\\QueryException(code: 2002): SQLSTATE[HY000] [2002] No such file or directory (SQL: select * from `users` where `username` = admin and `users`.`deleted_at` is null limit 1) at /Users/mohanvelegacherla/projects/custom/laravel/sahar/vendor/laravel/framework/src/Illuminate/Database/Connection.php:664, PDOException(code: 2002): SQLSTATE[HY000] [2002] No such file or directory at /Users/mohanvelegacherla/projects/custom/laravel/sahar/vendor/laravel/framework/src/Illuminate/Database/Connectors/Connector.php:70)
[stacktrace]
#0 /Users/mohanvelegacherla/projects/custom/laravel/sahar/vendor/laravel/framework/src/Illuminate/Database/Connection.php(624): Illuminate\\Database\\Connection->runQueryCallback('select * from `...', Array, Object(Closure))
#1 /Users/mohanvelegacherla/projects/custom/laravel/sahar/vendor/laravel/framework/src/Illuminate/Database/Connection.php(333): Illuminate\\Database\\Connection->run('select * from `...', Array, Object(Closure))
#2 /Users/mohanvelegacherla/projects/custom/laravel/sahar/vendor/laravel/framework/src/Illuminate/Database/Query/Builder.php(2095): Illuminate\\Database\\Connection->select('select * from `...', Array, true)
#3 /Users/mohanvelegacherla/projects/custom/laravel/sahar/vendor/laravel/framework/src/Illuminate/Database/Query/Builder.php(2083): Illuminate\\Database\\Query\\Builder->runSelect()
#4 /Users/mohanvelegacherla/projects/custom/laravel/sahar/vendor/laravel/framework/src/Illuminate/Database/Query/Builder.php(2569): Illuminate\\Database\\Query\\Builder->Illuminate\\Database\\Query\\{closure}()
#5 /Users/mohanvelegacherla/projects/custom/laravel/sahar/vendor/laravel/framework/src/Illuminate/Database/Query/Builder.php(2084): Illuminate\\Database\\Query\\Builder->onceWithColumns(Array, Object(Closure))
#6 /Users/mohanvelegacherla/projects/custom/laravel/sahar/vendor/laravel/framework/src/Illuminate/Database/Eloquent/Builder.php(519): Illuminate\\Database\\Query\\Builder->get(Array)
#7 /Users/mohanvelegacherla/projects/custom/laravel/sahar/vendor/laravel/framework/src/Illuminate/Database/Eloquent/Builder.php(503): Illuminate\\Database\\Eloquent\\Builder->getModels(Array)
#8 /Users/mohanvelegacherla/projects/custom/laravel/sahar/vendor/laravel/framework/src/Illuminate/Database/Concerns/BuildsQueries.php(77): Illuminate\\Database\\Eloquent\\Builder->get(Array)
#9 /Users/mohanvelegacherla/projects/custom/laravel/sahar/vendor/laravel/framework/src/Illuminate/Auth/EloquentUserProvider.php(128): Illuminate\\Database\\Eloquent\\Builder->first()
#10 /Users/mohanvelegacherla/projects/custom/laravel/sahar/vendor/laravel/framework/src/Illuminate/Auth/SessionGuard.php(349): Illuminate\\Auth\\EloquentUserProvider->retrieveByCredentials(Array)
#11 /Users/mohanvelegacherla/projects/custom/laravel/sahar/vendor/laravel/framework/src/Illuminate/Foundation/Auth/AuthenticatesUsers.php(81): Illuminate\\Auth\\SessionGuard->attempt(Array, true)
#12 /Users/mohanvelegacherla/projects/custom/laravel/sahar/vendor/laravel/framework/src/Illuminate/Foundation/Auth/AuthenticatesUsers.php(44): App\\Http\\Controllers\\Auth\\LoginController->attemptLogin(Object(Illuminate\\Http\\Request))
#13 [internal function]: App\\Http\\Controllers\\Auth\\LoginController->login(Object(Illuminate\\Http\\Request))
#14 /Users/mohanvelegacherla/projects/custom/laravel/sahar/vendor/laravel/framework/src/Illuminate/Routing/Controller.php(54): call_user_func_array(Array, Array)
#15 /Users/mohanvelegacherla/projects/custom/laravel/sahar/vendor/laravel/framework/src/Illuminate/Routing/ControllerDispatcher.php(45): Illuminate\\Routing\\Controller->callAction('login', Array)
#16 /Users/mohanvelegacherla/projects/custom/laravel/sahar/vendor/laravel/framework/src/Illuminate/Routing/Route.php(219): Illuminate\\Routing\\ControllerDispatcher->dispatch(Object(Illuminate\\Routing\\Route), Object(App\\Http\\Controllers\\Auth\\LoginController), 'login')
#17 /Users/mohanvelegacherla/projects/custom/laravel/sahar/vendor/laravel/framework/src/Illuminate/Routing/Route.php(176): Illuminate\\Routing\\Route->runController()
#18 /Users/mohanvelegacherla/projects/custom/laravel/sahar/vendor/laravel/framework/src/Illuminate/Routing/Router.php(682): Illuminate\\Routing\\Route->run()
#19 /Users/mohanvelegacherla/projects/custom/laravel/sahar/vendor/laravel/framework/src/Illuminate/Routing/Pipeline.php(30): Illuminate\\Routing\\Router->Illuminate\\Routing\\{closure}(Object(Illuminate\\Http\\Request))
#20 /Users/mohanvelegacherla/projects/custom/laravel/sahar/app/Http/Middleware/RedirectIfAuthenticated.php(24): Illuminate\\Routing\\Pipeline->Illuminate\\Routing\\{closure}(Object(Illuminate\\Http\\Request))
#21 /Users/mohanvelegacherla/projects/custom/laravel/sahar/vendor/laravel/framework/src/Illuminate/Pipeline/Pipeline.php(163): App\\Http\\Middleware\\RedirectIfAuthenticated->handle(Object(Illuminate\\Http\\Request), Object(Closure))
#22 /Users/mohanvelegacherla/projects/custom/laravel/sahar/vendor/laravel/framework/src/Illuminate/Routing/Pipeline.php(53): Illuminate\\Pipeline\\Pipeline->Illuminate\\Pipeline\\{closure}(Object(Illuminate\\Http\\Request))
#23 /Users/mohanvelegacherla/projects/custom/laravel/sahar/app/Http/Middleware/Callbacks.php(48): Illuminate\\Routing\\Pipeline->Illuminate\\Routing\\{closure}(Object(Illuminate\\Http\\Request))
#24 /Users/mohanvelegacherla/projects/custom/laravel/sahar/vendor/laravel/framework/src/Illuminate/Pipeline/Pipeline.php(163): App\\Http\\Middleware\\Callbacks->handle(Object(Illuminate\\Http\\Request), Object(Closure))
#25 /Users/mohanvelegacherla/projects/custom/laravel/sahar/vendor/laravel/framework/src/Illuminate/Routing/Pipeline.php(53): Illuminate\\Pipeline\\Pipeline->Illuminate\\Pipeline\\{closure}(Object(Illuminate\\Http\\Request))
#26 /Users/mohanvelegacherla/projects/custom/laravel/sahar/app/Http/Middleware/IsInstalled.php(23): Illuminate\\Routing\\Pipeline->Illuminate\\Routing\\{closure}(Object(Illuminate\\Http\\Request))
#27 /Users/mohanvelegacherla/projects/custom/laravel/sahar/vendor/laravel/framework/src/Illuminate/Pipeline/Pipeline.php(163): App\\Http\\Middleware\\IsInstalled->handle(Object(Illuminate\\Http\\Request), Object(Closure))
#28 /Users/mohanvelegacherla/projects/custom/laravel/sahar/vendor/laravel/framework/src/Illuminate/Routing/Pipeline.php(53): Illuminate\\Pipeline\\Pipeline->Illuminate\\Pipeline\\{closure}(Object(Illuminate\\Http\\Request))
#29 /Users/mohanvelegacherla/projects/custom/laravel/sahar/vendor/laravel/framework/src/Illuminate/Routing/Middleware/SubstituteBindings.php(41): Illuminate\\Routing\\Pipeline->Illuminate\\Routing\\{closure}(Object(Illuminate\\Http\\Request))
#30 /Users/mohanvelegacherla/projects/custom/laravel/sahar/vendor/laravel/framework/src/Illuminate/Pipeline/Pipeline.php(163): Illuminate\\Routing\\Middleware\\SubstituteBindings->handle(Object(Illuminate\\Http\\Request), Object(Closure))
#31 /Users/mohanvelegacherla/projects/custom/laravel/sahar/vendor/laravel/framework/src/Illuminate/Routing/Pipeline.php(53): Illuminate\\Pipeline\\Pipeline->Illuminate\\Pipeline\\{closure}(Object(Illuminate\\Http\\Request))
#32 /Users/mohanvelegacherla/projects/custom/laravel/sahar/vendor/laravel/framework/src/Illuminate/Foundation/Http/Middleware/VerifyCsrfToken.php(75): Illuminate\\Routing\\Pipeline->Illuminate\\Routing\\{closure}(Object(Illuminate\\Http\\Request))
#33 /Users/mohanvelegacherla/projects/custom/laravel/sahar/vendor/laravel/framework/src/Illuminate/Pipeline/Pipeline.php(163): Illuminate\\Foundation\\Http\\Middleware\\VerifyCsrfToken->handle(Object(Illuminate\\Http\\Request), Object(Closure))
#34 /Users/mohanvelegacherla/projects/custom/laravel/sahar/vendor/laravel/framework/src/Illuminate/Routing/Pipeline.php(53): Illuminate\\Pipeline\\Pipeline->Illuminate\\Pipeline\\{closure}(Object(Illuminate\\Http\\Request))
#35 /Users/mohanvelegacherla/projects/custom/laravel/sahar/vendor/laravel/framework/src/Illuminate/View/Middleware/ShareErrorsFromSession.php(49): Illuminate\\Routing\\Pipeline->Illuminate\\Routing\\{closure}(Object(Illuminate\\Http\\Request))
#36 /Users/mohanvelegacherla/projects/custom/laravel/sahar/vendor/laravel/framework/src/Illuminate/Pipeline/Pipeline.php(163): Illuminate\\View\\Middleware\\ShareErrorsFromSession->handle(Object(Illuminate\\Http\\Request), Object(Closure))
#37 /Users/mohanvelegacherla/projects/custom/laravel/sahar/vendor/laravel/framework/src/Illuminate/Routing/Pipeline.php(53): Illuminate\\Pipeline\\Pipeline->Illuminate\\Pipeline\\{closure}(Object(Illuminate\\Http\\Request))
#38 /Users/mohanvelegacherla/projects/custom/laravel/sahar/vendor/laravel/framework/src/Illuminate/Session/Middleware/StartSession.php(63): Illuminate\\Routing\\Pipeline->Illuminate\\Routing\\{closure}(Object(Illuminate\\Http\\Request))
#39 /Users/mohanvelegacherla/projects/custom/laravel/sahar/vendor/laravel/framework/src/Illuminate/Pipeline/Pipeline.php(163): Illuminate\\Session\\Middleware\\StartSession->handle(Object(Illuminate\\Http\\Request), Object(Closure))
#40 /Users/mohanvelegacherla/projects/custom/laravel/sahar/vendor/laravel/framework/src/Illuminate/Routing/Pipeline.php(53): Illuminate\\Pipeline\\Pipeline->Illuminate\\Pipeline\\{closure}(Object(Illuminate\\Http\\Request))
#41 /Users/mohanvelegacherla/projects/custom/laravel/sahar/vendor/laravel/framework/src/Illuminate/Cookie/Middleware/AddQueuedCookiesToResponse.php(37): Illuminate\\Routing\\Pipeline->Illuminate\\Routing\\{closure}(Object(Illuminate\\Http\\Request))
#42 /Users/mohanvelegacherla/projects/custom/laravel/sahar/vendor/laravel/framework/src/Illuminate/Pipeline/Pipeline.php(163): Illuminate\\Cookie\\Middleware\\AddQueuedCookiesToResponse->handle(Object(Illuminate\\Http\\Request), Object(Closure))
#43 /Users/mohanvelegacherla/projects/custom/laravel/sahar/vendor/laravel/framework/src/Illuminate/Routing/Pipeline.php(53): Illuminate\\Pipeline\\Pipeline->Illuminate\\Pipeline\\{closure}(Object(Illuminate\\Http\\Request))
#44 /Users/mohanvelegacherla/projects/custom/laravel/sahar/vendor/laravel/framework/src/Illuminate/Cookie/Middleware/EncryptCookies.php(66): Illuminate\\Routing\\Pipeline->Illuminate\\Routing\\{closure}(Object(Illuminate\\Http\\Request))
#45 /Users/mohanvelegacherla/projects/custom/laravel/sahar/vendor/laravel/framework/src/Illuminate/Pipeline/Pipeline.php(163): Illuminate\\Cookie\\Middleware\\EncryptCookies->handle(Object(Illuminate\\Http\\Request), Object(Closure))
#46 /Users/mohanvelegacherla/projects/custom/laravel/sahar/vendor/laravel/framework/src/Illuminate/Routing/Pipeline.php(53): Illuminate\\Pipeline\\Pipeline->Illuminate\\Pipeline\\{closure}(Object(Illuminate\\Http\\Request))
#47 /Users/mohanvelegacherla/projects/custom/laravel/sahar/vendor/laravel/framework/src/Illuminate/Pipeline/Pipeline.php(104): Illuminate\\Routing\\Pipeline->Illuminate\\Routing\\{closure}(Object(Illuminate\\Http\\Request))
#48 /Users/mohanvelegacherla/projects/custom/laravel/sahar/vendor/laravel/framework/src/Illuminate/Routing/Router.php(684): Illuminate\\Pipeline\\Pipeline->then(Object(Closure))
#49 /Users/mohanvelegacherla/projects/custom/laravel/sahar/vendor/laravel/framework/src/Illuminate/Routing/Router.php(659): Illuminate\\Routing\\Router->runRouteWithinStack(Object(Illuminate\\Routing\\Route), Object(Illuminate\\Http\\Request))
#50 /Users/mohanvelegacherla/projects/custom/laravel/sahar/vendor/laravel/framework/src/Illuminate/Routing/Router.php(625): Illuminate\\Routing\\Router->runRoute(Object(Illuminate\\Http\\Request), Object(Illuminate\\Routing\\Route))
#51 /Users/mohanvelegacherla/projects/custom/laravel/sahar/vendor/laravel/framework/src/Illuminate/Routing/Router.php(614): Illuminate\\Routing\\Router->dispatchToRoute(Object(Illuminate\\Http\\Request))
#52 /Users/mohanvelegacherla/projects/custom/laravel/sahar/vendor/laravel/framework/src/Illuminate/Foundation/Http/Kernel.php(176): Illuminate\\Routing\\Router->dispatch(Object(Illuminate\\Http\\Request))
#53 /Users/mohanvelegacherla/projects/custom/laravel/sahar/vendor/laravel/framework/src/Illuminate/Routing/Pipeline.php(30): Illuminate\\Foundation\\Http\\Kernel->Illuminate\\Foundation\\Http\\{closure}(Object(Illuminate\\Http\\Request))
#54 /Users/mohanvelegacherla/projects/custom/laravel/sahar/vendor/barryvdh/laravel-debugbar/src/Middleware/InjectDebugbar.php(58): Illuminate\\Routing\\Pipeline->Illuminate\\Routing\\{closure}(Object(Illuminate\\Http\\Request))
#55 /Users/mohanvelegacherla/projects/custom/laravel/sahar/vendor/laravel/framework/src/Illuminate/Pipeline/Pipeline.php(163): Barryvdh\\Debugbar\\Middleware\\InjectDebugbar->handle(Object(Illuminate\\Http\\Request), Object(Closure))
#56 /Users/mohanvelegacherla/projects/custom/laravel/sahar/vendor/laravel/framework/src/Illuminate/Routing/Pipeline.php(53): Illuminate\\Pipeline\\Pipeline->Illuminate\\Pipeline\\{closure}(Object(Illuminate\\Http\\Request))
#57 /Users/mohanvelegacherla/projects/custom/laravel/sahar/vendor/fideloper/proxy/src/TrustProxies.php(57): Illuminate\\Routing\\Pipeline->Illuminate\\Routing\\{closure}(Object(Illuminate\\Http\\Request))
#58 /Users/mohanvelegacherla/projects/custom/laravel/sahar/vendor/laravel/framework/src/Illuminate/Pipeline/Pipeline.php(163): Fideloper\\Proxy\\TrustProxies->handle(Object(Illuminate\\Http\\Request), Object(Closure))
#59 /Users/mohanvelegacherla/projects/custom/laravel/sahar/vendor/laravel/framework/src/Illuminate/Routing/Pipeline.php(53): Illuminate\\Pipeline\\Pipeline->Illuminate\\Pipeline\\{closure}(Object(Illuminate\\Http\\Request))
#60 /Users/mohanvelegacherla/projects/custom/laravel/sahar/vendor/laravel/framework/src/Illuminate/Foundation/Http/Middleware/TransformsRequest.php(31): Illuminate\\Routing\\Pipeline->Illuminate\\Routing\\{closure}(Object(Illuminate\\Http\\Request))
#61 /Users/mohanvelegacherla/projects/custom/laravel/sahar/vendor/laravel/framework/src/Illuminate/Pipeline/Pipeline.php(163): Illuminate\\Foundation\\Http\\Middleware\\TransformsRequest->handle(Object(Illuminate\\Http\\Request), Object(Closure))
#62 /Users/mohanvelegacherla/projects/custom/laravel/sahar/vendor/laravel/framework/src/Illuminate/Routing/Pipeline.php(53): Illuminate\\Pipeline\\Pipeline->Illuminate\\Pipeline\\{closure}(Object(Illuminate\\Http\\Request))
#63 /Users/mohanvelegacherla/projects/custom/laravel/sahar/vendor/laravel/framework/src/Illuminate/Foundation/Http/Middleware/TransformsRequest.php(31): Illuminate\\Routing\\Pipeline->Illuminate\\Routing\\{closure}(Object(Illuminate\\Http\\Request))
#64 /Users/mohanvelegacherla/projects/custom/laravel/sahar/vendor/laravel/framework/src/Illuminate/Pipeline/Pipeline.php(163): Illuminate\\Foundation\\Http\\Middleware\\TransformsRequest->handle(Object(Illuminate\\Http\\Request), Object(Closure))
#65 /Users/mohanvelegacherla/projects/custom/laravel/sahar/vendor/laravel/framework/src/Illuminate/Routing/Pipeline.php(53): Illuminate\\Pipeline\\Pipeline->Illuminate\\Pipeline\\{closure}(Object(Illuminate\\Http\\Request))
#66 /Users/mohanvelegacherla/projects/custom/laravel/sahar/vendor/laravel/framework/src/Illuminate/Foundation/Http/Middleware/ValidatePostSize.php(27): Illuminate\\Routing\\Pipeline->Illuminate\\Routing\\{closure}(Object(Illuminate\\Http\\Request))
#67 /Users/mohanvelegacherla/projects/custom/laravel/sahar/vendor/laravel/framework/src/Illuminate/Pipeline/Pipeline.php(163): Illuminate\\Foundation\\Http\\Middleware\\ValidatePostSize->handle(Object(Illuminate\\Http\\Request), Object(Closure))
#68 /Users/mohanvelegacherla/projects/custom/laravel/sahar/vendor/laravel/framework/src/Illuminate/Routing/Pipeline.php(53): Illuminate\\Pipeline\\Pipeline->Illuminate\\Pipeline\\{closure}(Object(Illuminate\\Http\\Request))
#69 /Users/mohanvelegacherla/projects/custom/laravel/sahar/vendor/laravel/framework/src/Illuminate/Foundation/Http/Middleware/CheckForMaintenanceMode.php(62): Illuminate\\Routing\\Pipeline->Illuminate\\Routing\\{closure}(Object(Illuminate\\Http\\Request))
#70 /Users/mohanvelegacherla/projects/custom/laravel/sahar/vendor/laravel/framework/src/Illuminate/Pipeline/Pipeline.php(163): Illuminate\\Foundation\\Http\\Middleware\\CheckForMaintenanceMode->handle(Object(Illuminate\\Http\\Request), Object(Closure))
#71 /Users/mohanvelegacherla/projects/custom/laravel/sahar/vendor/laravel/framework/src/Illuminate/Routing/Pipeline.php(53): Illuminate\\Pipeline\\Pipeline->Illuminate\\Pipeline\\{closure}(Object(Illuminate\\Http\\Request))
#72 /Users/mohanvelegacherla/projects/custom/laravel/sahar/vendor/laravel/framework/src/Illuminate/Pipeline/Pipeline.php(104): Illuminate\\Routing\\Pipeline->Illuminate\\Routing\\{closure}(Object(Illuminate\\Http\\Request))
#73 /Users/mohanvelegacherla/projects/custom/laravel/sahar/vendor/laravel/framework/src/Illuminate/Foundation/Http/Kernel.php(151): Illuminate\\Pipeline\\Pipeline->then(Object(Closure))
#74 /Users/mohanvelegacherla/projects/custom/laravel/sahar/vendor/laravel/framework/src/Illuminate/Foundation/Http/Kernel.php(116): Illuminate\\Foundation\\Http\\Kernel->sendRequestThroughRouter(Object(Illuminate\\Http\\Request))
#75 /Users/mohanvelegacherla/projects/custom/laravel/sahar/public/index.php(51): Illuminate\\Foundation\\Http\\Kernel->handle(Object(Illuminate\\Http\\Request))
#76 /Users/mohanvelegacherla/projects/custom/laravel/sahar/server.php(21): require_once('/Users/mohanvel...')
#77 {main}
"} 
[2021-07-24 13:39:53] local.EMERGENCY: File:/Users/mohanvelegacherla/projects/custom/laravel/sahar/app/Http/Controllers/LabelsController.phpLine:107Message:Trying to get property 'is_continuous' of non-object  
[2021-07-24 13:42:14] local.EMERGENCY: File:/Users/mohanvelegacherla/projects/custom/laravel/sahar/app/Http/Controllers/LabelsController.phpLine:107Message:Trying to get property 'is_continuous' of non-object  
[2021-07-24 13:42:38] local.EMERGENCY: File:/Users/mohanvelegacherla/projects/custom/laravel/sahar/app/Http/Controllers/LabelsController.phpLine:107Message:Trying to get property 'is_continuous' of non-object  
[2021-07-24 13:47:20] local.EMERGENCY: File:/Users/mohanvelegacherla/projects/custom/laravel/sahar/vendor/laravel/framework/src/Illuminate/Database/Connection.phpLine:664Message:SQLSTATE[23000]: Integrity constraint violation: 1062 Duplicate entry '111111111111111111' for key 'mobile' (SQL: insert into `contacts` (`type`, `supplier_business_name`, `name`, `mobile`, `landline`, `city`, `state`, `country`, `landmark`, `customer_group_id`, `contact_id`, `business_id`, `created_by`, `credit_limit`, `custom_field4`, `updated_at`, `created_at`) values (supplier, coma, ahmad, 111111111111111111, , , , , , 1, CO0016, 1, 1, , Oyoun, 2021-07-24 13:47:20, 2021-07-24 13:47:20))  
[2021-07-24 19:46:27] local.EMERGENCY: File:/Users/mohanvelegacherla/projects/custom/laravel/sahar/vendor/laravel/framework/src/Illuminate/Database/Connection.phpLine:664Message:SQLSTATE[23000]: Integrity constraint violation: 1062 Duplicate entry '1234567' for key 'mobile' (SQL: insert into `contacts` (`type`, `supplier_business_name`, `name`, `mobile`, `landline`, `city`, `state`, `country`, `landmark`, `customer_group_id`, `contact_id`, `custom_field1`, `business_id`, `created_by`, `credit_limit`, `custom_field4`, `updated_at`, `created_at`) values (customer, , Hyda, 1234567, , , , , , 15, CO0018, on, 1, 1, , Oyoun, 2021-07-24 19:46:27, 2021-07-24 19:46:27))  
